<?xml version="1.0" encoding="UTF-8"?>
<!-- Generated by org.testng.reporters.JUnitReportReporter -->
<testsuite hostname="Mahitha" failures="0" tests="1" name="com.demo.testng.RegisterTest" time="1.761" errors="0" timestamp="2022-09-16T08:53:42 EDT" skipped="0">
  <testcase classname="com.demo.testng.RegisterTest" name="registerUser" time="1.761"/>
  <system-out/>
</testsuite> <!-- com.demo.testng.RegisterTest -->
