<?xml version="1.0" encoding="UTF-8"?>
<!-- Generated by org.testng.reporters.JUnitReportReporter -->
<testsuite hostname="Mahitha" failures="0" tests="1" name="com.demo.testng.ShoppingTest" time="4.397" errors="0" timestamp="2022-09-20T14:07:12 EDT" skipped="0">
  <testcase classname="com.demo.testng.ShoppingTest" name="checkShoppingCartEmpty" time="4.397"/>
  <system-out/>
</testsuite> <!-- com.demo.testng.ShoppingTest -->
