<?xml version="1.0" encoding="UTF-8"?>
<!-- Generated by org.testng.reporters.JUnitReportReporter -->
<testsuite hostname="Mahitha" failures="0" tests="1" name="com.demo.testng.WelcomeTest" time="4.427" errors="0" timestamp="2022-09-20T15:47:19 EDT" skipped="0">
  <testcase classname="com.demo.testng.WelcomeTest" name="jewelrytitle" time="4.427"/>
  <system-out/>
</testsuite> <!-- com.demo.testng.WelcomeTest -->
