<?xml version="1.0" encoding="UTF-8"?>
<!-- Generated by org.testng.reporters.JUnitReportReporter -->
<testsuite hostname="Mahitha" failures="0" tests="1" name="com.demo.testng.WishListTest" time="4.613" errors="0" timestamp="2022-09-20T14:26:01 EDT" skipped="0">
  <testcase classname="com.demo.testng.WishListTest" name="checkWishListEmpty" time="4.613"/>
  <system-out/>
</testsuite> <!-- com.demo.testng.WishListTest -->
