<?xml version="1.0" encoding="UTF-8"?>
<!-- Generated by org.testng.reporters.JUnitReportReporter -->
<testsuite hostname="Mahitha" failures="0" tests="1" name="rahulshettytestwebsite.Fruit" time="1.971" errors="0" timestamp="2022-08-22T09:09:25 EDT" skipped="0">
  <testcase classname="rahulshettytestwebsite.Fruit" name="mango" time="1.971"/>
  <system-out/>
</testsuite> <!-- rahulshettytestwebsite.Fruit -->
