<?xml version="1.0" encoding="UTF-8"?>
<!-- Generated by org.testng.reporters.JUnitReportReporter -->
<testsuite hostname="Mahitha" failures="0" tests="2" name="rahulshettytestwebsite.Animal" time="2.025" errors="0" timestamp="2022-08-22T09:09:25 EDT" skipped="0">
  <testcase classname="rahulshettytestwebsite.Animal" name="fox" time="0.994"/>
  <system-out/>
  <testcase classname="rahulshettytestwebsite.Animal" name="lion" time="1.031"/>
  <system-out/>
</testsuite> <!-- rahulshettytestwebsite.Animal -->
