<?xml version="1.0" encoding="UTF-8"?>
<!-- Generated by org.testng.reporters.JUnitReportReporter -->
<testsuite hostname="Mahitha" failures="0" tests="1" name="simple.SampleOne" time="1.993" errors="0" timestamp="2022-09-06T12:44:10 EDT" skipped="0">
  <testcase classname="simple.SampleOne" name="simple1" time="1.993"/>
  <system-out/>
</testsuite> <!-- simple.SampleOne -->
