<?xml version="1.0" encoding="UTF-8"?>
<!-- Generated by org.testng.reporters.JUnitReportReporter -->
<testsuite hostname="Mahitha" failures="0" tests="1" name="simple.SampleTwo" time="3.019" errors="0" timestamp="2022-09-06T12:45:35 EDT" skipped="0">
  <testcase classname="simple.SampleTwo" name="simple2" time="3.019"/>
  <system-out/>
</testsuite> <!-- simple.SampleTwo -->
